#! /c/Source/iverilog-install/bin/vvp
:ivl_version "12.0 (devel)" "(s20150603-1539-g2693dd32b)";
:ivl_delay_selection "TYPICAL";
:vpi_time_precision + 0;
:vpi_module "C:\iverilog\lib\ivl\system.vpi";
:vpi_module "C:\iverilog\lib\ivl\vhdl_sys.vpi";
:vpi_module "C:\iverilog\lib\ivl\vhdl_textio.vpi";
:vpi_module "C:\iverilog\lib\ivl\v2005_math.vpi";
:vpi_module "C:\iverilog\lib\ivl\va_math.vpi";
S_0000022b16756c60 .scope module, "tb_rom_64x8" "tb_rom_64x8" 2 14;
 .timescale 0 0;
v0000022b1671bd10_0 .var "address", 5 0;
v0000022b16756250_0 .net "data", 7 0, v0000022b16756f80_0;  1 drivers
v0000022b167562f0_0 .var/i "i", 31 0;
S_0000022b16756df0 .scope module, "uut" "rom_64x8" 2 17, 2 1 0, S_0000022b16756c60;
 .timescale 0 0;
    .port_info 0 /INPUT 6 "address";
    .port_info 1 /OUTPUT 8 "data";
v0000022b167334d0_0 .net "address", 5 0, v0000022b1671bd10_0;  1 drivers
v0000022b16756f80_0 .var "data", 7 0;
v0000022b1671b670_0 .var/i "i", 31 0;
v0000022b1671bc70 .array "rom", 0 63, 7 0;
v0000022b1671bc70_0 .array/port v0000022b1671bc70, 0;
v0000022b1671bc70_1 .array/port v0000022b1671bc70, 1;
v0000022b1671bc70_2 .array/port v0000022b1671bc70, 2;
E_0000022b1671c0f0/0 .event anyedge, v0000022b167334d0_0, v0000022b1671bc70_0, v0000022b1671bc70_1, v0000022b1671bc70_2;
v0000022b1671bc70_3 .array/port v0000022b1671bc70, 3;
v0000022b1671bc70_4 .array/port v0000022b1671bc70, 4;
v0000022b1671bc70_5 .array/port v0000022b1671bc70, 5;
v0000022b1671bc70_6 .array/port v0000022b1671bc70, 6;
E_0000022b1671c0f0/1 .event anyedge, v0000022b1671bc70_3, v0000022b1671bc70_4, v0000022b1671bc70_5, v0000022b1671bc70_6;
v0000022b1671bc70_7 .array/port v0000022b1671bc70, 7;
v0000022b1671bc70_8 .array/port v0000022b1671bc70, 8;
v0000022b1671bc70_9 .array/port v0000022b1671bc70, 9;
v0000022b1671bc70_10 .array/port v0000022b1671bc70, 10;
E_0000022b1671c0f0/2 .event anyedge, v0000022b1671bc70_7, v0000022b1671bc70_8, v0000022b1671bc70_9, v0000022b1671bc70_10;
v0000022b1671bc70_11 .array/port v0000022b1671bc70, 11;
v0000022b1671bc70_12 .array/port v0000022b1671bc70, 12;
v0000022b1671bc70_13 .array/port v0000022b1671bc70, 13;
v0000022b1671bc70_14 .array/port v0000022b1671bc70, 14;
E_0000022b1671c0f0/3 .event anyedge, v0000022b1671bc70_11, v0000022b1671bc70_12, v0000022b1671bc70_13, v0000022b1671bc70_14;
v0000022b1671bc70_15 .array/port v0000022b1671bc70, 15;
v0000022b1671bc70_16 .array/port v0000022b1671bc70, 16;
v0000022b1671bc70_17 .array/port v0000022b1671bc70, 17;
v0000022b1671bc70_18 .array/port v0000022b1671bc70, 18;
E_0000022b1671c0f0/4 .event anyedge, v0000022b1671bc70_15, v0000022b1671bc70_16, v0000022b1671bc70_17, v0000022b1671bc70_18;
v0000022b1671bc70_19 .array/port v0000022b1671bc70, 19;
v0000022b1671bc70_20 .array/port v0000022b1671bc70, 20;
v0000022b1671bc70_21 .array/port v0000022b1671bc70, 21;
v0000022b1671bc70_22 .array/port v0000022b1671bc70, 22;
E_0000022b1671c0f0/5 .event anyedge, v0000022b1671bc70_19, v0000022b1671bc70_20, v0000022b1671bc70_21, v0000022b1671bc70_22;
v0000022b1671bc70_23 .array/port v0000022b1671bc70, 23;
v0000022b1671bc70_24 .array/port v0000022b1671bc70, 24;
v0000022b1671bc70_25 .array/port v0000022b1671bc70, 25;
v0000022b1671bc70_26 .array/port v0000022b1671bc70, 26;
E_0000022b1671c0f0/6 .event anyedge, v0000022b1671bc70_23, v0000022b1671bc70_24, v0000022b1671bc70_25, v0000022b1671bc70_26;
v0000022b1671bc70_27 .array/port v0000022b1671bc70, 27;
v0000022b1671bc70_28 .array/port v0000022b1671bc70, 28;
v0000022b1671bc70_29 .array/port v0000022b1671bc70, 29;
v0000022b1671bc70_30 .array/port v0000022b1671bc70, 30;
E_0000022b1671c0f0/7 .event anyedge, v0000022b1671bc70_27, v0000022b1671bc70_28, v0000022b1671bc70_29, v0000022b1671bc70_30;
v0000022b1671bc70_31 .array/port v0000022b1671bc70, 31;
v0000022b1671bc70_32 .array/port v0000022b1671bc70, 32;
v0000022b1671bc70_33 .array/port v0000022b1671bc70, 33;
v0000022b1671bc70_34 .array/port v0000022b1671bc70, 34;
E_0000022b1671c0f0/8 .event anyedge, v0000022b1671bc70_31, v0000022b1671bc70_32, v0000022b1671bc70_33, v0000022b1671bc70_34;
v0000022b1671bc70_35 .array/port v0000022b1671bc70, 35;
v0000022b1671bc70_36 .array/port v0000022b1671bc70, 36;
v0000022b1671bc70_37 .array/port v0000022b1671bc70, 37;
v0000022b1671bc70_38 .array/port v0000022b1671bc70, 38;
E_0000022b1671c0f0/9 .event anyedge, v0000022b1671bc70_35, v0000022b1671bc70_36, v0000022b1671bc70_37, v0000022b1671bc70_38;
v0000022b1671bc70_39 .array/port v0000022b1671bc70, 39;
v0000022b1671bc70_40 .array/port v0000022b1671bc70, 40;
v0000022b1671bc70_41 .array/port v0000022b1671bc70, 41;
v0000022b1671bc70_42 .array/port v0000022b1671bc70, 42;
E_0000022b1671c0f0/10 .event anyedge, v0000022b1671bc70_39, v0000022b1671bc70_40, v0000022b1671bc70_41, v0000022b1671bc70_42;
v0000022b1671bc70_43 .array/port v0000022b1671bc70, 43;
v0000022b1671bc70_44 .array/port v0000022b1671bc70, 44;
v0000022b1671bc70_45 .array/port v0000022b1671bc70, 45;
v0000022b1671bc70_46 .array/port v0000022b1671bc70, 46;
E_0000022b1671c0f0/11 .event anyedge, v0000022b1671bc70_43, v0000022b1671bc70_44, v0000022b1671bc70_45, v0000022b1671bc70_46;
v0000022b1671bc70_47 .array/port v0000022b1671bc70, 47;
v0000022b1671bc70_48 .array/port v0000022b1671bc70, 48;
v0000022b1671bc70_49 .array/port v0000022b1671bc70, 49;
v0000022b1671bc70_50 .array/port v0000022b1671bc70, 50;
E_0000022b1671c0f0/12 .event anyedge, v0000022b1671bc70_47, v0000022b1671bc70_48, v0000022b1671bc70_49, v0000022b1671bc70_50;
v0000022b1671bc70_51 .array/port v0000022b1671bc70, 51;
v0000022b1671bc70_52 .array/port v0000022b1671bc70, 52;
v0000022b1671bc70_53 .array/port v0000022b1671bc70, 53;
v0000022b1671bc70_54 .array/port v0000022b1671bc70, 54;
E_0000022b1671c0f0/13 .event anyedge, v0000022b1671bc70_51, v0000022b1671bc70_52, v0000022b1671bc70_53, v0000022b1671bc70_54;
v0000022b1671bc70_55 .array/port v0000022b1671bc70, 55;
v0000022b1671bc70_56 .array/port v0000022b1671bc70, 56;
v0000022b1671bc70_57 .array/port v0000022b1671bc70, 57;
v0000022b1671bc70_58 .array/port v0000022b1671bc70, 58;
E_0000022b1671c0f0/14 .event anyedge, v0000022b1671bc70_55, v0000022b1671bc70_56, v0000022b1671bc70_57, v0000022b1671bc70_58;
v0000022b1671bc70_59 .array/port v0000022b1671bc70, 59;
v0000022b1671bc70_60 .array/port v0000022b1671bc70, 60;
v0000022b1671bc70_61 .array/port v0000022b1671bc70, 61;
v0000022b1671bc70_62 .array/port v0000022b1671bc70, 62;
E_0000022b1671c0f0/15 .event anyedge, v0000022b1671bc70_59, v0000022b1671bc70_60, v0000022b1671bc70_61, v0000022b1671bc70_62;
v0000022b1671bc70_63 .array/port v0000022b1671bc70, 63;
E_0000022b1671c0f0/16 .event anyedge, v0000022b1671bc70_63;
E_0000022b1671c0f0 .event/or E_0000022b1671c0f0/0, E_0000022b1671c0f0/1, E_0000022b1671c0f0/2, E_0000022b1671c0f0/3, E_0000022b1671c0f0/4, E_0000022b1671c0f0/5, E_0000022b1671c0f0/6, E_0000022b1671c0f0/7, E_0000022b1671c0f0/8, E_0000022b1671c0f0/9, E_0000022b1671c0f0/10, E_0000022b1671c0f0/11, E_0000022b1671c0f0/12, E_0000022b1671c0f0/13, E_0000022b1671c0f0/14, E_0000022b1671c0f0/15, E_0000022b1671c0f0/16;
    .scope S_0000022b16756df0;
T_0 ;
    %pushi/vec4 0, 0, 32;
    %store/vec4 v0000022b1671b670_0, 0, 32;
T_0.0 ;
    %load/vec4 v0000022b1671b670_0;
    %cmpi/s 64, 0, 32;
    %jmp/0xz T_0.1, 5;
    %load/vec4 v0000022b1671b670_0;
    %pad/s 8;
    %ix/getv/s 4, v0000022b1671b670_0;
    %store/vec4a v0000022b1671bc70, 4, 0;
    %load/vec4 v0000022b1671b670_0;
    %addi 1, 0, 32;
    %store/vec4 v0000022b1671b670_0, 0, 32;
    %jmp T_0.0;
T_0.1 ;
    %end;
    .thread T_0;
    .scope S_0000022b16756df0;
T_1 ;
    %wait E_0000022b1671c0f0;
    %load/vec4 v0000022b167334d0_0;
    %pad/u 8;
    %ix/vec4 4;
    %load/vec4a v0000022b1671bc70, 4;
    %store/vec4 v0000022b16756f80_0, 0, 8;
    %jmp T_1;
    .thread T_1, $push;
    .scope S_0000022b16756c60;
T_2 ;
    %pushi/vec4 0, 0, 32;
    %store/vec4 v0000022b167562f0_0, 0, 32;
T_2.0 ;
    %load/vec4 v0000022b167562f0_0;
    %cmpi/s 64, 0, 32;
    %jmp/0xz T_2.1, 5;
    %load/vec4 v0000022b167562f0_0;
    %pad/s 6;
    %store/vec4 v0000022b1671bd10_0, 0, 6;
    %delay 10, 0;
    %load/vec4 v0000022b167562f0_0;
    %addi 1, 0, 32;
    %store/vec4 v0000022b167562f0_0, 0, 32;
    %jmp T_2.0;
T_2.1 ;
    %vpi_call 2 28 "$finish" {0 0 0};
    %end;
    .thread T_2;
    .scope S_0000022b16756c60;
T_3 ;
    %vpi_call 2 31 "$monitor", "At time: %0t, Address = %d, Data = %h", $time, v0000022b1671bd10_0, v0000022b16756250_0 {0 0 0};
    %end;
    .thread T_3;
# The file index is used to find the file name in the following table.
:file_names 3;
    "N/A";
    "<interactive>";
    "ROM_Final.v";
