#! /c/Source/iverilog-install/bin/vvp
:ivl_version "12.0 (devel)" "(s20150603-1539-g2693dd32b)";
:ivl_delay_selection "TYPICAL";
:vpi_time_precision + 0;
:vpi_module "C:\iverilog\lib\ivl\system.vpi";
:vpi_module "C:\iverilog\lib\ivl\vhdl_sys.vpi";
:vpi_module "C:\iverilog\lib\ivl\vhdl_textio.vpi";
:vpi_module "C:\iverilog\lib\ivl\v2005_math.vpi";
:vpi_module "C:\iverilog\lib\ivl\va_math.vpi";
S_000002c686bebbc0 .scope module, "fsm1_behavioral_onehot" "fsm1_behavioral_onehot" 2 1;
 .timescale 0 0;
    .port_info 0 /OUTPUT 1 "Dout";
    .port_info 1 /INPUT 1 "Clock";
    .port_info 2 /INPUT 1 "Reset";
    .port_info 3 /INPUT 1 "Din";
P_000002c686ac2ce0 .param/l "Done" 0 2 6, C4<100>;
P_000002c686ac2d18 .param/l "Midway" 0 2 6, C4<010>;
P_000002c686ac2d50 .param/l "Start" 0 2 6, C4<001>;
o000002c686af6f98 .functor BUFZ 1, C4<z>; HiZ drive
v000002c686ac35f0_0 .net "Clock", 0 0, o000002c686af6f98;  0 drivers
o000002c686af6fc8 .functor BUFZ 1, C4<z>; HiZ drive
v000002c686af48b0_0 .net "Din", 0 0, o000002c686af6fc8;  0 drivers
v000002c686af4950_0 .var "Dout", 0 0;
o000002c686af7028 .functor BUFZ 1, C4<z>; HiZ drive
v000002c686af49f0_0 .net "Reset", 0 0, o000002c686af7028;  0 drivers
v000002c686af4a90_0 .var "current_state", 2 0;
v000002c686af4b30_0 .var "next_state", 2 0;
E_000002c686bec380 .event anyedge, v000002c686af4a90_0, v000002c686af48b0_0;
E_000002c686bec180 .event posedge, v000002c686af49f0_0, v000002c686ac35f0_0;
    .scope S_000002c686bebbc0;
T_0 ;
    %wait E_000002c686bec180;
    %load/vec4 v000002c686af49f0_0;
    %flag_set/vec4 8;
    %jmp/0xz  T_0.0, 8;
    %pushi/vec4 1, 0, 3;
    %assign/vec4 v000002c686af4a90_0, 0;
    %jmp T_0.1;
T_0.0 ;
    %load/vec4 v000002c686af4b30_0;
    %assign/vec4 v000002c686af4a90_0, 0;
T_0.1 ;
    %jmp T_0;
    .thread T_0;
    .scope S_000002c686bebbc0;
T_1 ;
    %wait E_000002c686bec380;
    %load/vec4 v000002c686af4a90_0;
    %dup/vec4;
    %pushi/vec4 1, 0, 3;
    %cmp/u;
    %jmp/1 T_1.0, 6;
    %dup/vec4;
    %pushi/vec4 2, 0, 3;
    %cmp/u;
    %jmp/1 T_1.1, 6;
    %dup/vec4;
    %pushi/vec4 4, 0, 3;
    %cmp/u;
    %jmp/1 T_1.2, 6;
    %pushi/vec4 1, 0, 3;
    %store/vec4 v000002c686af4b30_0, 0, 3;
    %pushi/vec4 0, 0, 1;
    %store/vec4 v000002c686af4950_0, 0, 1;
    %jmp T_1.4;
T_1.0 ;
    %load/vec4 v000002c686af48b0_0;
    %flag_set/vec4 8;
    %jmp/0xz  T_1.5, 8;
    %pushi/vec4 2, 0, 3;
    %store/vec4 v000002c686af4b30_0, 0, 3;
    %jmp T_1.6;
T_1.5 ;
    %pushi/vec4 1, 0, 3;
    %store/vec4 v000002c686af4b30_0, 0, 3;
T_1.6 ;
    %pushi/vec4 0, 0, 1;
    %store/vec4 v000002c686af4950_0, 0, 1;
    %jmp T_1.4;
T_1.1 ;
    %load/vec4 v000002c686af48b0_0;
    %flag_set/vec4 8;
    %jmp/0xz  T_1.7, 8;
    %pushi/vec4 4, 0, 3;
    %store/vec4 v000002c686af4b30_0, 0, 3;
    %jmp T_1.8;
T_1.7 ;
    %pushi/vec4 2, 0, 3;
    %store/vec4 v000002c686af4b30_0, 0, 3;
T_1.8 ;
    %pushi/vec4 0, 0, 1;
    %store/vec4 v000002c686af4950_0, 0, 1;
    %jmp T_1.4;
T_1.2 ;
    %pushi/vec4 4, 0, 3;
    %store/vec4 v000002c686af4b30_0, 0, 3;
    %pushi/vec4 1, 0, 1;
    %store/vec4 v000002c686af4950_0, 0, 1;
    %jmp T_1.4;
T_1.4 ;
    %pop/vec4 1;
    %jmp T_1;
    .thread T_1, $push;
# The file index is used to find the file name in the following table.
:file_names 3;
    "N/A";
    "<interactive>";
    "8_2_3.v";
