#! /c/Source/iverilog-install/bin/vvp
:ivl_version "12.0 (devel)" "(s20150603-1539-g2693dd32b)";
:ivl_delay_selection "TYPICAL";
:vpi_time_precision + 0;
:vpi_module "C:\iverilog\lib\ivl\system.vpi";
:vpi_module "C:\iverilog\lib\ivl\vhdl_sys.vpi";
:vpi_module "C:\iverilog\lib\ivl\vhdl_textio.vpi";
:vpi_module "C:\iverilog\lib\ivl\v2005_math.vpi";
:vpi_module "C:\iverilog\lib\ivl\va_math.vpi";
S_0000024b5f362ce0 .scope module, "fsm1_behavioral" "fsm1_behavioral" 2 1;
 .timescale 0 0;
    .port_info 0 /OUTPUT 1 "Dout";
    .port_info 1 /INPUT 1 "Clock";
    .port_info 2 /INPUT 1 "Reset";
    .port_info 3 /INPUT 1 "Din";
P_0000024b5f34bbf0 .param/l "Done" 0 2 6, C4<10>;
P_0000024b5f34bc28 .param/l "Midway" 0 2 6, C4<01>;
P_0000024b5f34bc60 .param/l "Start" 0 2 6, C4<00>;
o0000024b5f396fd8 .functor BUFZ 1, C4<z>; HiZ drive
v0000024b5f3635f0_0 .net "Clock", 0 0, o0000024b5f396fd8;  0 drivers
o0000024b5f397008 .functor BUFZ 1, C4<z>; HiZ drive
v0000024b5f3633d0_0 .net "Din", 0 0, o0000024b5f397008;  0 drivers
v0000024b5f34bca0_0 .var "Dout", 0 0;
o0000024b5f397068 .functor BUFZ 1, C4<z>; HiZ drive
v0000024b5f362e70_0 .net "Reset", 0 0, o0000024b5f397068;  0 drivers
v0000024b5f362f10_0 .var "current_state", 1 0;
v0000024b5f362fb0_0 .var "next_state", 1 0;
E_0000024b5f34c980 .event anyedge, v0000024b5f362f10_0, v0000024b5f3633d0_0;
E_0000024b5f34c880 .event posedge, v0000024b5f362e70_0, v0000024b5f3635f0_0;
    .scope S_0000024b5f362ce0;
T_0 ;
    %wait E_0000024b5f34c880;
    %load/vec4 v0000024b5f362e70_0;
    %flag_set/vec4 8;
    %jmp/0xz  T_0.0, 8;
    %pushi/vec4 0, 0, 2;
    %assign/vec4 v0000024b5f362f10_0, 0;
    %jmp T_0.1;
T_0.0 ;
    %load/vec4 v0000024b5f362fb0_0;
    %assign/vec4 v0000024b5f362f10_0, 0;
T_0.1 ;
    %jmp T_0;
    .thread T_0;
    .scope S_0000024b5f362ce0;
T_1 ;
    %wait E_0000024b5f34c980;
    %load/vec4 v0000024b5f362f10_0;
    %dup/vec4;
    %pushi/vec4 0, 0, 2;
    %cmp/u;
    %jmp/1 T_1.0, 6;
    %dup/vec4;
    %pushi/vec4 1, 0, 2;
    %cmp/u;
    %jmp/1 T_1.1, 6;
    %dup/vec4;
    %pushi/vec4 2, 0, 2;
    %cmp/u;
    %jmp/1 T_1.2, 6;
    %pushi/vec4 0, 0, 2;
    %store/vec4 v0000024b5f362fb0_0, 0, 2;
    %pushi/vec4 0, 0, 1;
    %store/vec4 v0000024b5f34bca0_0, 0, 1;
    %jmp T_1.4;
T_1.0 ;
    %load/vec4 v0000024b5f3633d0_0;
    %flag_set/vec4 8;
    %jmp/0xz  T_1.5, 8;
    %pushi/vec4 1, 0, 2;
    %store/vec4 v0000024b5f362fb0_0, 0, 2;
    %jmp T_1.6;
T_1.5 ;
    %pushi/vec4 0, 0, 2;
    %store/vec4 v0000024b5f362fb0_0, 0, 2;
T_1.6 ;
    %pushi/vec4 0, 0, 1;
    %store/vec4 v0000024b5f34bca0_0, 0, 1;
    %jmp T_1.4;
T_1.1 ;
    %load/vec4 v0000024b5f3633d0_0;
    %flag_set/vec4 8;
    %jmp/0xz  T_1.7, 8;
    %pushi/vec4 2, 0, 2;
    %store/vec4 v0000024b5f362fb0_0, 0, 2;
    %jmp T_1.8;
T_1.7 ;
    %pushi/vec4 1, 0, 2;
    %store/vec4 v0000024b5f362fb0_0, 0, 2;
T_1.8 ;
    %pushi/vec4 0, 0, 1;
    %store/vec4 v0000024b5f34bca0_0, 0, 1;
    %jmp T_1.4;
T_1.2 ;
    %pushi/vec4 2, 0, 2;
    %store/vec4 v0000024b5f362fb0_0, 0, 2;
    %pushi/vec4 1, 0, 1;
    %store/vec4 v0000024b5f34bca0_0, 0, 1;
    %jmp T_1.4;
T_1.4 ;
    %pop/vec4 1;
    %jmp T_1;
    .thread T_1, $push;
# The file index is used to find the file name in the following table.
:file_names 3;
    "N/A";
    "<interactive>";
    "8_2_1.v";
