#! /c/Source/iverilog-install/bin/vvp
:ivl_version "12.0 (devel)" "(s20150603-1539-g2693dd32b)";
:ivl_delay_selection "TYPICAL";
:vpi_time_precision + 0;
:vpi_module "C:\iverilog\lib\ivl\system.vpi";
:vpi_module "C:\iverilog\lib\ivl\vhdl_sys.vpi";
:vpi_module "C:\iverilog\lib\ivl\vhdl_textio.vpi";
:vpi_module "C:\iverilog\lib\ivl\v2005_math.vpi";
:vpi_module "C:\iverilog\lib\ivl\va_math.vpi";
S_000001d85981be70 .scope module, "fsml_behavioral_tb" "fsml_behavioral_tb" 2 52;
 .timescale 0 0;
P_000001d859809d00 .param/l "CLK_PERIOD" 0 2 54, +C4<00000000000000000000000000001010>;
v000001d859817180_0 .var "Din", 0 0;
v000001d859817220_0 .net "Dout", 0 0, v000001d85980c770_0;  1 drivers
v000001d8598172c0_0 .var "Reset", 0 0;
v000001d859817360_0 .var "clk", 0 0;
S_000001d859816ff0 .scope module, "DUT" "fsml_behavioral" 2 61, 2 1 0, S_000001d85981be70;
 .timescale 0 0;
    .port_info 0 /OUTPUT 1 "Dout";
    .port_info 1 /INPUT 1 "clk";
    .port_info 2 /INPUT 1 "Reset";
    .port_info 3 /INPUT 1 "Din";
P_000001d85975bcb0 .param/l "Done" 0 2 9, C4<10>;
P_000001d85975bce8 .param/l "Midway" 0 2 8, C4<01>;
P_000001d85975bd20 .param/l "Start" 0 2 7, C4<00>;
v000001d8597e33d0_0 .net "Din", 0 0, v000001d859817180_0;  1 drivers
v000001d85980c770_0 .var "Dout", 0 0;
v000001d8597e35f0_0 .net "Reset", 0 0, v000001d8598172c0_0;  1 drivers
v000001d8597e30f0_0 .net "clk", 0 0, v000001d859817360_0;  1 drivers
v000001d85981c190_0 .var "next_state", 1 0;
v000001d85981c230_0 .var "state", 1 0;
E_000001d859809f00 .event anyedge, v000001d85981c230_0, v000001d8597e33d0_0;
E_000001d859809ec0 .event posedge, v000001d8597e35f0_0, v000001d8597e30f0_0;
S_000001d85981c000 .scope module, "fsml_behavioral_wb" "fsml_behavioral_wb" 2 87;
 .timescale 0 0;
v000001d859875a00_0 .var "Din", 0 0;
v000001d859875500_0 .net "Dout", 0 0, v000001d8598758c0_0;  1 drivers
v000001d859875c80_0 .var "Reset", 0 0;
v000001d8598755a0_0 .var "clk", 0 0;
S_000001d859813930 .scope module, "DUT" "fsml_behavioral" 2 94, 2 1 0, S_000001d85981c000;
 .timescale 0 0;
    .port_info 0 /OUTPUT 1 "Dout";
    .port_info 1 /INPUT 1 "clk";
    .port_info 2 /INPUT 1 "Reset";
    .port_info 3 /INPUT 1 "Din";
P_000001d859814ad0 .param/l "Done" 0 2 9, C4<10>;
P_000001d859814b08 .param/l "Midway" 0 2 8, C4<01>;
P_000001d859814b40 .param/l "Start" 0 2 7, C4<00>;
v000001d859814b80_0 .net "Din", 0 0, v000001d859875a00_0;  1 drivers
v000001d8598758c0_0 .var "Dout", 0 0;
v000001d859876220_0 .net "Reset", 0 0, v000001d859875c80_0;  1 drivers
v000001d8598762c0_0 .net "clk", 0 0, v000001d8598755a0_0;  1 drivers
v000001d859875b40_0 .var "next_state", 1 0;
v000001d859875960_0 .var "state", 1 0;
E_000001d859809e00 .event anyedge, v000001d859875960_0, v000001d859814b80_0;
E_000001d859809700 .event posedge, v000001d859876220_0, v000001d8598762c0_0;
    .scope S_000001d859816ff0;
T_0 ;
    %wait E_000001d859809ec0;
    %load/vec4 v000001d8597e35f0_0;
    %flag_set/vec4 8;
    %jmp/0xz  T_0.0, 8;
    %pushi/vec4 0, 0, 2;
    %assign/vec4 v000001d85981c230_0, 0;
    %pushi/vec4 0, 0, 1;
    %assign/vec4 v000001d85980c770_0, 0;
    %jmp T_0.1;
T_0.0 ;
    %load/vec4 v000001d85981c190_0;
    %assign/vec4 v000001d85981c230_0, 0;
T_0.1 ;
    %jmp T_0;
    .thread T_0;
    .scope S_000001d859816ff0;
T_1 ;
    %wait E_000001d859809f00;
    %load/vec4 v000001d85981c230_0;
    %dup/vec4;
    %pushi/vec4 0, 0, 2;
    %cmp/u;
    %jmp/1 T_1.0, 6;
    %dup/vec4;
    %pushi/vec4 1, 0, 2;
    %cmp/u;
    %jmp/1 T_1.1, 6;
    %dup/vec4;
    %pushi/vec4 2, 0, 2;
    %cmp/u;
    %jmp/1 T_1.2, 6;
    %pushi/vec4 0, 0, 2;
    %store/vec4 v000001d85981c190_0, 0, 2;
    %jmp T_1.4;
T_1.0 ;
    %load/vec4 v000001d8597e33d0_0;
    %flag_set/vec4 8;
    %jmp/0xz  T_1.5, 8;
    %pushi/vec4 1, 0, 2;
    %store/vec4 v000001d85981c190_0, 0, 2;
    %pushi/vec4 0, 0, 1;
    %store/vec4 v000001d85980c770_0, 0, 1;
    %jmp T_1.6;
T_1.5 ;
    %pushi/vec4 0, 0, 2;
    %store/vec4 v000001d85981c190_0, 0, 2;
    %pushi/vec4 0, 0, 1;
    %store/vec4 v000001d85980c770_0, 0, 1;
T_1.6 ;
    %jmp T_1.4;
T_1.1 ;
    %pushi/vec4 2, 0, 2;
    %store/vec4 v000001d85981c190_0, 0, 2;
    %pushi/vec4 0, 0, 1;
    %store/vec4 v000001d85980c770_0, 0, 1;
    %jmp T_1.4;
T_1.2 ;
    %load/vec4 v000001d8597e33d0_0;
    %flag_set/vec4 8;
    %jmp/0xz  T_1.7, 8;
    %pushi/vec4 0, 0, 2;
    %store/vec4 v000001d85981c190_0, 0, 2;
    %pushi/vec4 1, 0, 1;
    %store/vec4 v000001d85980c770_0, 0, 1;
    %jmp T_1.8;
T_1.7 ;
    %pushi/vec4 0, 0, 2;
    %store/vec4 v000001d85981c190_0, 0, 2;
    %pushi/vec4 0, 0, 1;
    %store/vec4 v000001d85980c770_0, 0, 1;
T_1.8 ;
    %jmp T_1.4;
T_1.4 ;
    %pop/vec4 1;
    %jmp T_1;
    .thread T_1, $push;
    .scope S_000001d85981be70;
T_2 ;
    %delay 5, 0;
    %load/vec4 v000001d859817360_0;
    %inv;
    %assign/vec4 v000001d859817360_0, 0;
    %jmp T_2;
    .thread T_2;
    .scope S_000001d85981be70;
T_3 ;
    %vpi_call 2 71 "$dumpfile", "fsml_behavioral_tb.vcd" {0 0 0};
    %vpi_call 2 72 "$dumpvars", 32'sb00000000000000000000000000000000, S_000001d85981be70 {0 0 0};
    %pushi/vec4 1, 0, 1;
    %store/vec4 v000001d8598172c0_0, 0, 1;
    %delay 20, 0;
    %pushi/vec4 0, 0, 1;
    %store/vec4 v000001d8598172c0_0, 0, 1;
    %pushi/vec4 0, 0, 1;
    %store/vec4 v000001d859817180_0, 0, 1;
    %delay 20, 0;
    %pushi/vec4 1, 0, 1;
    %store/vec4 v000001d859817180_0, 0, 1;
    %delay 20, 0;
    %pushi/vec4 0, 0, 1;
    %store/vec4 v000001d859817180_0, 0, 1;
    %delay 20, 0;
    %pushi/vec4 1, 0, 1;
    %store/vec4 v000001d859817180_0, 0, 1;
    %delay 20, 0;
    %pushi/vec4 0, 0, 1;
    %store/vec4 v000001d859817180_0, 0, 1;
    %delay 20, 0;
    %vpi_call 2 82 "$finish" {0 0 0};
    %end;
    .thread T_3;
    .scope S_000001d859813930;
T_4 ;
    %wait E_000001d859809700;
    %load/vec4 v000001d859876220_0;
    %flag_set/vec4 8;
    %jmp/0xz  T_4.0, 8;
    %pushi/vec4 0, 0, 2;
    %assign/vec4 v000001d859875960_0, 0;
    %pushi/vec4 0, 0, 1;
    %assign/vec4 v000001d8598758c0_0, 0;
    %jmp T_4.1;
T_4.0 ;
    %load/vec4 v000001d859875b40_0;
    %assign/vec4 v000001d859875960_0, 0;
T_4.1 ;
    %jmp T_4;
    .thread T_4;
    .scope S_000001d859813930;
T_5 ;
    %wait E_000001d859809e00;
    %load/vec4 v000001d859875960_0;
    %dup/vec4;
    %pushi/vec4 0, 0, 2;
    %cmp/u;
    %jmp/1 T_5.0, 6;
    %dup/vec4;
    %pushi/vec4 1, 0, 2;
    %cmp/u;
    %jmp/1 T_5.1, 6;
    %dup/vec4;
    %pushi/vec4 2, 0, 2;
    %cmp/u;
    %jmp/1 T_5.2, 6;
    %pushi/vec4 0, 0, 2;
    %store/vec4 v000001d859875b40_0, 0, 2;
    %jmp T_5.4;
T_5.0 ;
    %load/vec4 v000001d859814b80_0;
    %flag_set/vec4 8;
    %jmp/0xz  T_5.5, 8;
    %pushi/vec4 1, 0, 2;
    %store/vec4 v000001d859875b40_0, 0, 2;
    %pushi/vec4 0, 0, 1;
    %store/vec4 v000001d8598758c0_0, 0, 1;
    %jmp T_5.6;
T_5.5 ;
    %pushi/vec4 0, 0, 2;
    %store/vec4 v000001d859875b40_0, 0, 2;
    %pushi/vec4 0, 0, 1;
    %store/vec4 v000001d8598758c0_0, 0, 1;
T_5.6 ;
    %jmp T_5.4;
T_5.1 ;
    %pushi/vec4 2, 0, 2;
    %store/vec4 v000001d859875b40_0, 0, 2;
    %pushi/vec4 0, 0, 1;
    %store/vec4 v000001d8598758c0_0, 0, 1;
    %jmp T_5.4;
T_5.2 ;
    %load/vec4 v000001d859814b80_0;
    %flag_set/vec4 8;
    %jmp/0xz  T_5.7, 8;
    %pushi/vec4 0, 0, 2;
    %store/vec4 v000001d859875b40_0, 0, 2;
    %pushi/vec4 1, 0, 1;
    %store/vec4 v000001d8598758c0_0, 0, 1;
    %jmp T_5.8;
T_5.7 ;
    %pushi/vec4 0, 0, 2;
    %store/vec4 v000001d859875b40_0, 0, 2;
    %pushi/vec4 0, 0, 1;
    %store/vec4 v000001d8598758c0_0, 0, 1;
T_5.8 ;
    %jmp T_5.4;
T_5.4 ;
    %pop/vec4 1;
    %jmp T_5;
    .thread T_5, $push;
    .scope S_000001d85981c000;
T_6 ;
    %pushi/vec4 0, 0, 1;
    %store/vec4 v000001d8598755a0_0, 0, 1;
    %end;
    .thread T_6;
    .scope S_000001d85981c000;
T_7 ;
    %delay 5, 0;
    %load/vec4 v000001d8598755a0_0;
    %inv;
    %assign/vec4 v000001d8598755a0_0, 0;
    %jmp T_7;
    .thread T_7;
    .scope S_000001d85981c000;
T_8 ;
    %vpi_call 2 107 "$monitor", "Time,,, %0d, Reset: %b, Din: %b, Dout: %b, clk: %b, current_state: %b", $time, v000001d859875c80_0, v000001d859875a00_0, v000001d859875500_0, v000001d8598755a0_0, v000001d859875960_0 {0 0 0};
    %vpi_call 2 108 "$dumpfile", "fsml_behavioral_wb.vcd" {0 0 0};
    %vpi_call 2 109 "$dumpvars", 32'sb00000000000000000000000000000000, S_000001d85981c000 {0 0 0};
    %pushi/vec4 1, 0, 1;
    %store/vec4 v000001d859875c80_0, 0, 1;
    %delay 20, 0;
    %pushi/vec4 0, 0, 1;
    %store/vec4 v000001d859875c80_0, 0, 1;
    %pushi/vec4 0, 0, 1;
    %store/vec4 v000001d859875a00_0, 0, 1;
    %delay 10, 0;
    %pushi/vec4 1, 0, 1;
    %store/vec4 v000001d859875a00_0, 0, 1;
    %delay 10, 0;
    %pushi/vec4 0, 0, 1;
    %store/vec4 v000001d859875a00_0, 0, 1;
    %delay 10, 0;
    %pushi/vec4 1, 0, 1;
    %store/vec4 v000001d859875a00_0, 0, 1;
    %delay 10, 0;
    %pushi/vec4 0, 0, 1;
    %store/vec4 v000001d859875a00_0, 0, 1;
    %delay 10, 0;
    %pushi/vec4 1, 0, 1;
    %store/vec4 v000001d859875a00_0, 0, 1;
    %delay 10, 0;
    %pushi/vec4 0, 0, 1;
    %store/vec4 v000001d859875a00_0, 0, 1;
    %delay 50, 0;
    %vpi_call 2 122 "$finish" {0 0 0};
    %end;
    .thread T_8;
# The file index is used to find the file name in the following table.
:file_names 3;
    "N/A";
    "<interactive>";
    "8_2_1.v";
