#! /c/Source/iverilog-install/bin/vvp
:ivl_version "12.0 (devel)" "(s20150603-1539-g2693dd32b)";
:ivl_delay_selection "TYPICAL";
:vpi_time_precision + 0;
:vpi_module "C:\iverilog\lib\ivl\system.vpi";
:vpi_module "C:\iverilog\lib\ivl\vhdl_sys.vpi";
:vpi_module "C:\iverilog\lib\ivl\vhdl_textio.vpi";
:vpi_module "C:\iverilog\lib\ivl\v2005_math.vpi";
:vpi_module "C:\iverilog\lib\ivl\va_math.vpi";
S_0000025c779abb40 .scope module, "fsm2_behavioral_tb" "fsm2_behavioral_tb" 2 68;
 .timescale 0 0;
P_0000025c778d5a70 .param/l "CLK_PERIOD" 0 2 70, +C4<00000000000000000000000000001010>;
v0000025c778b2ec0_0 .var "Din", 0 0;
v0000025c778b2f60_0 .net "Dout", 0 0, v0000025c778b33d0_0;  1 drivers
v0000025c778b3000_0 .var "Reset", 0 0;
v0000025c778b30a0_0 .var "clk", 0 0;
S_0000025c778eff60 .scope module, "DUT" "fsm2_behavioral" 2 77, 2 1 0, S_0000025c779abb40;
 .timescale 0 0;
    .port_info 0 /OUTPUT 1 "Dout";
    .port_info 1 /INPUT 1 "clk";
    .port_info 2 /INPUT 1 "Reset";
    .port_info 3 /INPUT 1 "Din";
P_0000025c778f00f0 .param/l "S0" 0 2 8, C4<00>;
P_0000025c778f0128 .param/l "S1" 0 2 9, C4<01>;
P_0000025c778f0160 .param/l "S2" 0 2 10, C4<10>;
P_0000025c778f0198 .param/l "S3" 0 2 11, C4<11>;
v0000025c779abcd0_0 .net "Din", 0 0, v0000025c778b2ec0_0;  1 drivers
v0000025c778b33d0_0 .var "Dout", 0 0;
v0000025c778b35f0_0 .net "Reset", 0 0, v0000025c778b3000_0;  1 drivers
v0000025c778b2ce0_0 .net "clk", 0 0, v0000025c778b30a0_0;  1 drivers
v0000025c778b2d80_0 .var "next_state", 1 0;
v0000025c778b2e20_0 .var "state", 1 0;
E_0000025c778d5f30 .event anyedge, v0000025c778b2e20_0, v0000025c779abcd0_0;
E_0000025c778d54b0 .event posedge, v0000025c778b35f0_0, v0000025c778b2ce0_0;
S_0000025c778efdd0 .scope module, "fsm2_behavioral_wb" "fsm2_behavioral_wb" 2 103;
 .timescale 0 0;
v0000025c77948450_0 .var "Din", 0 0;
v0000025c77948950_0 .net "Dout", 0 0, v0000025c77948310_0;  1 drivers
v0000025c779486d0_0 .var "Reset", 0 0;
v0000025c77948130_0 .var "clk", 0 0;
S_0000025c778e41b0 .scope module, "DUT" "fsm2_behavioral" 2 110, 2 1 0, S_0000025c778efdd0;
 .timescale 0 0;
    .port_info 0 /OUTPUT 1 "Dout";
    .port_info 1 /INPUT 1 "clk";
    .port_info 2 /INPUT 1 "Reset";
    .port_info 3 /INPUT 1 "Din";
P_0000025c778e4340 .param/l "S0" 0 2 8, C4<00>;
P_0000025c778e4378 .param/l "S1" 0 2 9, C4<01>;
P_0000025c778e43b0 .param/l "S2" 0 2 10, C4<10>;
P_0000025c778e43e8 .param/l "S3" 0 2 11, C4<11>;
v0000025c778e4430_0 .net "Din", 0 0, v0000025c77948450_0;  1 drivers
v0000025c77948310_0 .var "Dout", 0 0;
v0000025c77948e50_0 .net "Reset", 0 0, v0000025c779486d0_0;  1 drivers
v0000025c77948090_0 .net "clk", 0 0, v0000025c77948130_0;  1 drivers
v0000025c77948bd0_0 .var "next_state", 1 0;
v0000025c779483b0_0 .var "state", 1 0;
E_0000025c778d5530 .event anyedge, v0000025c779483b0_0, v0000025c778e4430_0;
E_0000025c778d5570 .event posedge, v0000025c77948e50_0, v0000025c77948090_0;
    .scope S_0000025c778eff60;
T_0 ;
    %wait E_0000025c778d54b0;
    %load/vec4 v0000025c778b35f0_0;
    %flag_set/vec4 8;
    %jmp/0xz  T_0.0, 8;
    %pushi/vec4 0, 0, 2;
    %assign/vec4 v0000025c778b2e20_0, 0;
    %pushi/vec4 0, 0, 1;
    %assign/vec4 v0000025c778b33d0_0, 0;
    %jmp T_0.1;
T_0.0 ;
    %load/vec4 v0000025c778b2d80_0;
    %assign/vec4 v0000025c778b2e20_0, 0;
T_0.1 ;
    %jmp T_0;
    .thread T_0;
    .scope S_0000025c778eff60;
T_1 ;
    %wait E_0000025c778d5f30;
    %load/vec4 v0000025c778b2e20_0;
    %dup/vec4;
    %pushi/vec4 0, 0, 2;
    %cmp/u;
    %jmp/1 T_1.0, 6;
    %dup/vec4;
    %pushi/vec4 1, 0, 2;
    %cmp/u;
    %jmp/1 T_1.1, 6;
    %dup/vec4;
    %pushi/vec4 2, 0, 2;
    %cmp/u;
    %jmp/1 T_1.2, 6;
    %dup/vec4;
    %pushi/vec4 3, 0, 2;
    %cmp/u;
    %jmp/1 T_1.3, 6;
    %pushi/vec4 0, 0, 2;
    %store/vec4 v0000025c778b2d80_0, 0, 2;
    %jmp T_1.5;
T_1.0 ;
    %load/vec4 v0000025c779abcd0_0;
    %flag_set/vec4 8;
    %jmp/0xz  T_1.6, 8;
    %pushi/vec4 1, 0, 2;
    %store/vec4 v0000025c778b2d80_0, 0, 2;
    %pushi/vec4 1, 0, 1;
    %store/vec4 v0000025c778b33d0_0, 0, 1;
    %jmp T_1.7;
T_1.6 ;
    %pushi/vec4 0, 0, 2;
    %store/vec4 v0000025c778b2d80_0, 0, 2;
    %pushi/vec4 0, 0, 1;
    %store/vec4 v0000025c778b33d0_0, 0, 1;
T_1.7 ;
    %jmp T_1.5;
T_1.1 ;
    %load/vec4 v0000025c779abcd0_0;
    %flag_set/vec4 8;
    %jmp/0xz  T_1.8, 8;
    %pushi/vec4 3, 0, 2;
    %store/vec4 v0000025c778b2d80_0, 0, 2;
    %pushi/vec4 0, 0, 1;
    %store/vec4 v0000025c778b33d0_0, 0, 1;
    %jmp T_1.9;
T_1.8 ;
    %pushi/vec4 2, 0, 2;
    %store/vec4 v0000025c778b2d80_0, 0, 2;
    %pushi/vec4 1, 0, 1;
    %store/vec4 v0000025c778b33d0_0, 0, 1;
T_1.9 ;
    %jmp T_1.5;
T_1.2 ;
    %load/vec4 v0000025c779abcd0_0;
    %flag_set/vec4 8;
    %jmp/0xz  T_1.10, 8;
    %pushi/vec4 3, 0, 2;
    %store/vec4 v0000025c778b2d80_0, 0, 2;
    %pushi/vec4 1, 0, 1;
    %store/vec4 v0000025c778b33d0_0, 0, 1;
    %jmp T_1.11;
T_1.10 ;
    %pushi/vec4 0, 0, 2;
    %store/vec4 v0000025c778b2d80_0, 0, 2;
    %pushi/vec4 0, 0, 1;
    %store/vec4 v0000025c778b33d0_0, 0, 1;
T_1.11 ;
    %jmp T_1.5;
T_1.3 ;
    %load/vec4 v0000025c779abcd0_0;
    %flag_set/vec4 8;
    %jmp/0xz  T_1.12, 8;
    %pushi/vec4 0, 0, 2;
    %store/vec4 v0000025c778b2d80_0, 0, 2;
    %pushi/vec4 1, 0, 1;
    %store/vec4 v0000025c778b33d0_0, 0, 1;
    %jmp T_1.13;
T_1.12 ;
    %pushi/vec4 3, 0, 2;
    %store/vec4 v0000025c778b2d80_0, 0, 2;
    %pushi/vec4 0, 0, 1;
    %store/vec4 v0000025c778b33d0_0, 0, 1;
T_1.13 ;
    %jmp T_1.5;
T_1.5 ;
    %pop/vec4 1;
    %jmp T_1;
    .thread T_1, $push;
    .scope S_0000025c779abb40;
T_2 ;
    %delay 5, 0;
    %load/vec4 v0000025c778b30a0_0;
    %inv;
    %assign/vec4 v0000025c778b30a0_0, 0;
    %jmp T_2;
    .thread T_2;
    .scope S_0000025c779abb40;
T_3 ;
    %vpi_call 2 87 "$dumpfile", "fsm2_behavioral_tb.vcd" {0 0 0};
    %vpi_call 2 88 "$dumpvars", 32'sb00000000000000000000000000000000, S_0000025c779abb40 {0 0 0};
    %pushi/vec4 1, 0, 1;
    %store/vec4 v0000025c778b3000_0, 0, 1;
    %delay 20, 0;
    %pushi/vec4 0, 0, 1;
    %store/vec4 v0000025c778b3000_0, 0, 1;
    %pushi/vec4 0, 0, 1;
    %store/vec4 v0000025c778b2ec0_0, 0, 1;
    %delay 20, 0;
    %pushi/vec4 1, 0, 1;
    %store/vec4 v0000025c778b2ec0_0, 0, 1;
    %delay 20, 0;
    %pushi/vec4 0, 0, 1;
    %store/vec4 v0000025c778b2ec0_0, 0, 1;
    %delay 20, 0;
    %pushi/vec4 1, 0, 1;
    %store/vec4 v0000025c778b2ec0_0, 0, 1;
    %delay 20, 0;
    %pushi/vec4 0, 0, 1;
    %store/vec4 v0000025c778b2ec0_0, 0, 1;
    %delay 20, 0;
    %vpi_call 2 98 "$finish" {0 0 0};
    %end;
    .thread T_3;
    .scope S_0000025c778e41b0;
T_4 ;
    %wait E_0000025c778d5570;
    %load/vec4 v0000025c77948e50_0;
    %flag_set/vec4 8;
    %jmp/0xz  T_4.0, 8;
    %pushi/vec4 0, 0, 2;
    %assign/vec4 v0000025c779483b0_0, 0;
    %pushi/vec4 0, 0, 1;
    %assign/vec4 v0000025c77948310_0, 0;
    %jmp T_4.1;
T_4.0 ;
    %load/vec4 v0000025c77948bd0_0;
    %assign/vec4 v0000025c779483b0_0, 0;
T_4.1 ;
    %jmp T_4;
    .thread T_4;
    .scope S_0000025c778e41b0;
T_5 ;
    %wait E_0000025c778d5530;
    %load/vec4 v0000025c779483b0_0;
    %dup/vec4;
    %pushi/vec4 0, 0, 2;
    %cmp/u;
    %jmp/1 T_5.0, 6;
    %dup/vec4;
    %pushi/vec4 1, 0, 2;
    %cmp/u;
    %jmp/1 T_5.1, 6;
    %dup/vec4;
    %pushi/vec4 2, 0, 2;
    %cmp/u;
    %jmp/1 T_5.2, 6;
    %dup/vec4;
    %pushi/vec4 3, 0, 2;
    %cmp/u;
    %jmp/1 T_5.3, 6;
    %pushi/vec4 0, 0, 2;
    %store/vec4 v0000025c77948bd0_0, 0, 2;
    %jmp T_5.5;
T_5.0 ;
    %load/vec4 v0000025c778e4430_0;
    %flag_set/vec4 8;
    %jmp/0xz  T_5.6, 8;
    %pushi/vec4 1, 0, 2;
    %store/vec4 v0000025c77948bd0_0, 0, 2;
    %pushi/vec4 1, 0, 1;
    %store/vec4 v0000025c77948310_0, 0, 1;
    %jmp T_5.7;
T_5.6 ;
    %pushi/vec4 0, 0, 2;
    %store/vec4 v0000025c77948bd0_0, 0, 2;
    %pushi/vec4 0, 0, 1;
    %store/vec4 v0000025c77948310_0, 0, 1;
T_5.7 ;
    %jmp T_5.5;
T_5.1 ;
    %load/vec4 v0000025c778e4430_0;
    %flag_set/vec4 8;
    %jmp/0xz  T_5.8, 8;
    %pushi/vec4 3, 0, 2;
    %store/vec4 v0000025c77948bd0_0, 0, 2;
    %pushi/vec4 0, 0, 1;
    %store/vec4 v0000025c77948310_0, 0, 1;
    %jmp T_5.9;
T_5.8 ;
    %pushi/vec4 2, 0, 2;
    %store/vec4 v0000025c77948bd0_0, 0, 2;
    %pushi/vec4 1, 0, 1;
    %store/vec4 v0000025c77948310_0, 0, 1;
T_5.9 ;
    %jmp T_5.5;
T_5.2 ;
    %load/vec4 v0000025c778e4430_0;
    %flag_set/vec4 8;
    %jmp/0xz  T_5.10, 8;
    %pushi/vec4 3, 0, 2;
    %store/vec4 v0000025c77948bd0_0, 0, 2;
    %pushi/vec4 1, 0, 1;
    %store/vec4 v0000025c77948310_0, 0, 1;
    %jmp T_5.11;
T_5.10 ;
    %pushi/vec4 0, 0, 2;
    %store/vec4 v0000025c77948bd0_0, 0, 2;
    %pushi/vec4 0, 0, 1;
    %store/vec4 v0000025c77948310_0, 0, 1;
T_5.11 ;
    %jmp T_5.5;
T_5.3 ;
    %load/vec4 v0000025c778e4430_0;
    %flag_set/vec4 8;
    %jmp/0xz  T_5.12, 8;
    %pushi/vec4 0, 0, 2;
    %store/vec4 v0000025c77948bd0_0, 0, 2;
    %pushi/vec4 1, 0, 1;
    %store/vec4 v0000025c77948310_0, 0, 1;
    %jmp T_5.13;
T_5.12 ;
    %pushi/vec4 3, 0, 2;
    %store/vec4 v0000025c77948bd0_0, 0, 2;
    %pushi/vec4 0, 0, 1;
    %store/vec4 v0000025c77948310_0, 0, 1;
T_5.13 ;
    %jmp T_5.5;
T_5.5 ;
    %pop/vec4 1;
    %jmp T_5;
    .thread T_5, $push;
    .scope S_0000025c778efdd0;
T_6 ;
    %pushi/vec4 0, 0, 1;
    %store/vec4 v0000025c77948130_0, 0, 1;
    %end;
    .thread T_6;
    .scope S_0000025c778efdd0;
T_7 ;
    %delay 5, 0;
    %load/vec4 v0000025c77948130_0;
    %inv;
    %assign/vec4 v0000025c77948130_0, 0;
    %jmp T_7;
    .thread T_7;
    .scope S_0000025c778efdd0;
T_8 ;
    %vpi_call 2 124 "$monitor", "Time %0t, Reset: %b, Din: %b, Dout: %b, clk: %b, current_state: %b", $time, v0000025c779486d0_0, v0000025c77948450_0, v0000025c77948950_0, v0000025c77948130_0, v0000025c779483b0_0 {0 0 0};
    %vpi_call 2 125 "$dumpfile", "fsm2_behavioral_wb.vcd" {0 0 0};
    %vpi_call 2 126 "$dumpvars", 32'sb00000000000000000000000000000000, S_0000025c778efdd0 {0 0 0};
    %pushi/vec4 1, 0, 1;
    %store/vec4 v0000025c779486d0_0, 0, 1;
    %delay 20, 0;
    %pushi/vec4 0, 0, 1;
    %store/vec4 v0000025c779486d0_0, 0, 1;
    %pushi/vec4 0, 0, 1;
    %store/vec4 v0000025c77948450_0, 0, 1;
    %delay 10, 0;
    %pushi/vec4 1, 0, 1;
    %store/vec4 v0000025c77948450_0, 0, 1;
    %delay 10, 0;
    %pushi/vec4 0, 0, 1;
    %store/vec4 v0000025c77948450_0, 0, 1;
    %delay 10, 0;
    %pushi/vec4 1, 0, 1;
    %store/vec4 v0000025c77948450_0, 0, 1;
    %delay 10, 0;
    %pushi/vec4 0, 0, 1;
    %store/vec4 v0000025c77948450_0, 0, 1;
    %delay 10, 0;
    %pushi/vec4 1, 0, 1;
    %store/vec4 v0000025c77948450_0, 0, 1;
    %delay 10, 0;
    %pushi/vec4 0, 0, 1;
    %store/vec4 v0000025c77948450_0, 0, 1;
    %delay 50, 0;
    %vpi_call 2 139 "$finish" {0 0 0};
    %end;
    .thread T_8;
# The file index is used to find the file name in the following table.
:file_names 3;
    "N/A";
    "<interactive>";
    "8_2_3.v";
