#! /c/Source/iverilog-install/bin/vvp
:ivl_version "12.0 (devel)" "(s20150603-1539-g2693dd32b)";
:ivl_delay_selection "TYPICAL";
:vpi_time_precision + 0;
:vpi_module "C:\iverilog\lib\ivl\system.vpi";
:vpi_module "C:\iverilog\lib\ivl\vhdl_sys.vpi";
:vpi_module "C:\iverilog\lib\ivl\vhdl_textio.vpi";
:vpi_module "C:\iverilog\lib\ivl\v2005_math.vpi";
:vpi_module "C:\iverilog\lib\ivl\va_math.vpi";
S_000001b64f21d240 .scope module, "fsm22_behavioral_tb" "fsm22_behavioral_tb" 2 67;
 .timescale 0 0;
P_000001b64f16b7e0 .param/l "CLK_PERIOD" 0 2 69, +C4<00000000000000000000000000001010>;
v000001b64f22fe90_0 .var "Din", 0 0;
v000001b64f22ff30_0 .net "Dout", 0 0, v000001b64f21d3d0_0;  1 drivers
v000001b64f22ffd0_0 .var "Reset", 0 0;
v000001b64f230070_0 .var "clk", 0 0;
S_000001b64f22fd00 .scope module, "DUT" "fsm22_behavioral" 2 76, 2 1 0, S_000001b64f21d240;
 .timescale 0 0;
    .port_info 0 /OUTPUT 1 "Dout";
    .port_info 1 /INPUT 1 "clk";
    .port_info 2 /INPUT 1 "Reset";
    .port_info 3 /INPUT 1 "Din";
P_000001b64f21cdf0 .param/l "S0" 0 2 7, C4<0001>;
P_000001b64f21ce28 .param/l "S1" 0 2 8, C4<0010>;
P_000001b64f21ce60 .param/l "S2" 0 2 9, C4<0100>;
P_000001b64f21ce98 .param/l "S3" 0 2 10, C4<1000>;
v000001b64f1f35f0_0 .net "Din", 0 0, v000001b64f22fe90_0;  1 drivers
v000001b64f21d3d0_0 .var "Dout", 0 0;
v000001b64f224d90_0 .net "Reset", 0 0, v000001b64f22ffd0_0;  1 drivers
v000001b64f224e30_0 .net "clk", 0 0, v000001b64f230070_0;  1 drivers
v000001b64f224ed0_0 .var "next_state", 3 0;
v000001b64f224f70_0 .var "state", 3 0;
E_000001b64f16ac20 .event anyedge, v000001b64f224f70_0, v000001b64f1f35f0_0;
E_000001b64f16b0e0 .event posedge, v000001b64f224d90_0, v000001b64f224e30_0;
S_000001b64f21cc60 .scope module, "fsm22_behavioral_wb" "fsm22_behavioral_wb" 2 102;
 .timescale 0 0;
v000001b64f28a360_0 .var "Din", 0 0;
v000001b64f28a180_0 .net "Dout", 0 0, v000001b64f28a540_0;  1 drivers
v000001b64f28a5e0_0 .var "Reset", 0 0;
v000001b64f28a220_0 .var "clk", 0 0;
S_000001b64f1f2ce0 .scope module, "DUT" "fsm22_behavioral" 2 109, 2 1 0, S_000001b64f21cc60;
 .timescale 0 0;
    .port_info 0 /OUTPUT 1 "Dout";
    .port_info 1 /INPUT 1 "clk";
    .port_info 2 /INPUT 1 "Reset";
    .port_info 3 /INPUT 1 "Din";
P_000001b64f1f2e70 .param/l "S0" 0 2 7, C4<0001>;
P_000001b64f1f2ea8 .param/l "S1" 0 2 8, C4<0010>;
P_000001b64f1f2ee0 .param/l "S2" 0 2 9, C4<0100>;
P_000001b64f1f2f18 .param/l "S3" 0 2 10, C4<1000>;
v000001b64f1f2f60_0 .net "Din", 0 0, v000001b64f28a360_0;  1 drivers
v000001b64f28a540_0 .var "Dout", 0 0;
v000001b64f28a040_0 .net "Reset", 0 0, v000001b64f28a5e0_0;  1 drivers
v000001b64f289d20_0 .net "clk", 0 0, v000001b64f28a220_0;  1 drivers
v000001b64f289f00_0 .var "next_state", 3 0;
v000001b64f289b40_0 .var "state", 3 0;
E_000001b64f16b160 .event anyedge, v000001b64f289b40_0, v000001b64f1f2f60_0;
E_000001b64f16b360 .event posedge, v000001b64f28a040_0, v000001b64f289d20_0;
    .scope S_000001b64f22fd00;
T_0 ;
    %wait E_000001b64f16b0e0;
    %load/vec4 v000001b64f224d90_0;
    %flag_set/vec4 8;
    %jmp/0xz  T_0.0, 8;
    %pushi/vec4 1, 0, 4;
    %assign/vec4 v000001b64f224f70_0, 0;
    %pushi/vec4 0, 0, 1;
    %assign/vec4 v000001b64f21d3d0_0, 0;
    %jmp T_0.1;
T_0.0 ;
    %load/vec4 v000001b64f224ed0_0;
    %assign/vec4 v000001b64f224f70_0, 0;
T_0.1 ;
    %jmp T_0;
    .thread T_0;
    .scope S_000001b64f22fd00;
T_1 ;
    %wait E_000001b64f16ac20;
    %load/vec4 v000001b64f224f70_0;
    %dup/vec4;
    %pushi/vec4 1, 0, 4;
    %cmp/u;
    %jmp/1 T_1.0, 6;
    %dup/vec4;
    %pushi/vec4 2, 0, 4;
    %cmp/u;
    %jmp/1 T_1.1, 6;
    %dup/vec4;
    %pushi/vec4 4, 0, 4;
    %cmp/u;
    %jmp/1 T_1.2, 6;
    %dup/vec4;
    %pushi/vec4 8, 0, 4;
    %cmp/u;
    %jmp/1 T_1.3, 6;
    %pushi/vec4 1, 0, 4;
    %store/vec4 v000001b64f224ed0_0, 0, 4;
    %jmp T_1.5;
T_1.0 ;
    %load/vec4 v000001b64f1f35f0_0;
    %flag_set/vec4 8;
    %jmp/0xz  T_1.6, 8;
    %pushi/vec4 2, 0, 4;
    %store/vec4 v000001b64f224ed0_0, 0, 4;
    %pushi/vec4 1, 0, 1;
    %store/vec4 v000001b64f21d3d0_0, 0, 1;
    %jmp T_1.7;
T_1.6 ;
    %pushi/vec4 1, 0, 4;
    %store/vec4 v000001b64f224ed0_0, 0, 4;
    %pushi/vec4 0, 0, 1;
    %store/vec4 v000001b64f21d3d0_0, 0, 1;
T_1.7 ;
    %jmp T_1.5;
T_1.1 ;
    %load/vec4 v000001b64f1f35f0_0;
    %flag_set/vec4 8;
    %jmp/0xz  T_1.8, 8;
    %pushi/vec4 8, 0, 4;
    %store/vec4 v000001b64f224ed0_0, 0, 4;
    %pushi/vec4 0, 0, 1;
    %store/vec4 v000001b64f21d3d0_0, 0, 1;
    %jmp T_1.9;
T_1.8 ;
    %pushi/vec4 4, 0, 4;
    %store/vec4 v000001b64f224ed0_0, 0, 4;
    %pushi/vec4 1, 0, 1;
    %store/vec4 v000001b64f21d3d0_0, 0, 1;
T_1.9 ;
    %jmp T_1.5;
T_1.2 ;
    %load/vec4 v000001b64f1f35f0_0;
    %flag_set/vec4 8;
    %jmp/0xz  T_1.10, 8;
    %pushi/vec4 8, 0, 4;
    %store/vec4 v000001b64f224ed0_0, 0, 4;
    %pushi/vec4 1, 0, 1;
    %store/vec4 v000001b64f21d3d0_0, 0, 1;
    %jmp T_1.11;
T_1.10 ;
    %pushi/vec4 1, 0, 4;
    %store/vec4 v000001b64f224ed0_0, 0, 4;
    %pushi/vec4 0, 0, 1;
    %store/vec4 v000001b64f21d3d0_0, 0, 1;
T_1.11 ;
    %jmp T_1.5;
T_1.3 ;
    %load/vec4 v000001b64f1f35f0_0;
    %flag_set/vec4 8;
    %jmp/0xz  T_1.12, 8;
    %pushi/vec4 1, 0, 4;
    %store/vec4 v000001b64f224ed0_0, 0, 4;
    %pushi/vec4 1, 0, 1;
    %store/vec4 v000001b64f21d3d0_0, 0, 1;
    %jmp T_1.13;
T_1.12 ;
    %pushi/vec4 8, 0, 4;
    %store/vec4 v000001b64f224ed0_0, 0, 4;
    %pushi/vec4 0, 0, 1;
    %store/vec4 v000001b64f21d3d0_0, 0, 1;
T_1.13 ;
    %jmp T_1.5;
T_1.5 ;
    %pop/vec4 1;
    %jmp T_1;
    .thread T_1, $push;
    .scope S_000001b64f21d240;
T_2 ;
    %delay 5, 0;
    %load/vec4 v000001b64f230070_0;
    %inv;
    %assign/vec4 v000001b64f230070_0, 0;
    %jmp T_2;
    .thread T_2;
    .scope S_000001b64f21d240;
T_3 ;
    %vpi_call 2 86 "$dumpfile", "fsm22_behavioral_tb.vcd" {0 0 0};
    %vpi_call 2 87 "$dumpvars", 32'sb00000000000000000000000000000000, S_000001b64f21d240 {0 0 0};
    %pushi/vec4 1, 0, 1;
    %store/vec4 v000001b64f22ffd0_0, 0, 1;
    %delay 20, 0;
    %pushi/vec4 0, 0, 1;
    %store/vec4 v000001b64f22ffd0_0, 0, 1;
    %pushi/vec4 0, 0, 1;
    %store/vec4 v000001b64f22fe90_0, 0, 1;
    %delay 20, 0;
    %pushi/vec4 1, 0, 1;
    %store/vec4 v000001b64f22fe90_0, 0, 1;
    %delay 20, 0;
    %pushi/vec4 0, 0, 1;
    %store/vec4 v000001b64f22fe90_0, 0, 1;
    %delay 20, 0;
    %pushi/vec4 1, 0, 1;
    %store/vec4 v000001b64f22fe90_0, 0, 1;
    %delay 20, 0;
    %pushi/vec4 0, 0, 1;
    %store/vec4 v000001b64f22fe90_0, 0, 1;
    %delay 20, 0;
    %vpi_call 2 97 "$finish" {0 0 0};
    %end;
    .thread T_3;
    .scope S_000001b64f1f2ce0;
T_4 ;
    %wait E_000001b64f16b360;
    %load/vec4 v000001b64f28a040_0;
    %flag_set/vec4 8;
    %jmp/0xz  T_4.0, 8;
    %pushi/vec4 1, 0, 4;
    %assign/vec4 v000001b64f289b40_0, 0;
    %pushi/vec4 0, 0, 1;
    %assign/vec4 v000001b64f28a540_0, 0;
    %jmp T_4.1;
T_4.0 ;
    %load/vec4 v000001b64f289f00_0;
    %assign/vec4 v000001b64f289b40_0, 0;
T_4.1 ;
    %jmp T_4;
    .thread T_4;
    .scope S_000001b64f1f2ce0;
T_5 ;
    %wait E_000001b64f16b160;
    %load/vec4 v000001b64f289b40_0;
    %dup/vec4;
    %pushi/vec4 1, 0, 4;
    %cmp/u;
    %jmp/1 T_5.0, 6;
    %dup/vec4;
    %pushi/vec4 2, 0, 4;
    %cmp/u;
    %jmp/1 T_5.1, 6;
    %dup/vec4;
    %pushi/vec4 4, 0, 4;
    %cmp/u;
    %jmp/1 T_5.2, 6;
    %dup/vec4;
    %pushi/vec4 8, 0, 4;
    %cmp/u;
    %jmp/1 T_5.3, 6;
    %pushi/vec4 1, 0, 4;
    %store/vec4 v000001b64f289f00_0, 0, 4;
    %jmp T_5.5;
T_5.0 ;
    %load/vec4 v000001b64f1f2f60_0;
    %flag_set/vec4 8;
    %jmp/0xz  T_5.6, 8;
    %pushi/vec4 2, 0, 4;
    %store/vec4 v000001b64f289f00_0, 0, 4;
    %pushi/vec4 1, 0, 1;
    %store/vec4 v000001b64f28a540_0, 0, 1;
    %jmp T_5.7;
T_5.6 ;
    %pushi/vec4 1, 0, 4;
    %store/vec4 v000001b64f289f00_0, 0, 4;
    %pushi/vec4 0, 0, 1;
    %store/vec4 v000001b64f28a540_0, 0, 1;
T_5.7 ;
    %jmp T_5.5;
T_5.1 ;
    %load/vec4 v000001b64f1f2f60_0;
    %flag_set/vec4 8;
    %jmp/0xz  T_5.8, 8;
    %pushi/vec4 8, 0, 4;
    %store/vec4 v000001b64f289f00_0, 0, 4;
    %pushi/vec4 0, 0, 1;
    %store/vec4 v000001b64f28a540_0, 0, 1;
    %jmp T_5.9;
T_5.8 ;
    %pushi/vec4 4, 0, 4;
    %store/vec4 v000001b64f289f00_0, 0, 4;
    %pushi/vec4 1, 0, 1;
    %store/vec4 v000001b64f28a540_0, 0, 1;
T_5.9 ;
    %jmp T_5.5;
T_5.2 ;
    %load/vec4 v000001b64f1f2f60_0;
    %flag_set/vec4 8;
    %jmp/0xz  T_5.10, 8;
    %pushi/vec4 8, 0, 4;
    %store/vec4 v000001b64f289f00_0, 0, 4;
    %pushi/vec4 1, 0, 1;
    %store/vec4 v000001b64f28a540_0, 0, 1;
    %jmp T_5.11;
T_5.10 ;
    %pushi/vec4 1, 0, 4;
    %store/vec4 v000001b64f289f00_0, 0, 4;
    %pushi/vec4 0, 0, 1;
    %store/vec4 v000001b64f28a540_0, 0, 1;
T_5.11 ;
    %jmp T_5.5;
T_5.3 ;
    %load/vec4 v000001b64f1f2f60_0;
    %flag_set/vec4 8;
    %jmp/0xz  T_5.12, 8;
    %pushi/vec4 1, 0, 4;
    %store/vec4 v000001b64f289f00_0, 0, 4;
    %pushi/vec4 1, 0, 1;
    %store/vec4 v000001b64f28a540_0, 0, 1;
    %jmp T_5.13;
T_5.12 ;
    %pushi/vec4 8, 0, 4;
    %store/vec4 v000001b64f289f00_0, 0, 4;
    %pushi/vec4 0, 0, 1;
    %store/vec4 v000001b64f28a540_0, 0, 1;
T_5.13 ;
    %jmp T_5.5;
T_5.5 ;
    %pop/vec4 1;
    %jmp T_5;
    .thread T_5, $push;
    .scope S_000001b64f21cc60;
T_6 ;
    %pushi/vec4 0, 0, 1;
    %store/vec4 v000001b64f28a220_0, 0, 1;
    %end;
    .thread T_6;
    .scope S_000001b64f21cc60;
T_7 ;
    %delay 5, 0;
    %load/vec4 v000001b64f28a220_0;
    %inv;
    %assign/vec4 v000001b64f28a220_0, 0;
    %jmp T_7;
    .thread T_7;
    .scope S_000001b64f21cc60;
T_8 ;
    %vpi_call 2 123 "$monitor", "Time %0t, Reset: %b, Din: %b, Dout: %b, clk: %b, current_state: %b", $time, v000001b64f28a5e0_0, v000001b64f28a360_0, v000001b64f28a180_0, v000001b64f28a220_0, v000001b64f289b40_0 {0 0 0};
    %vpi_call 2 124 "$dumpfile", "fsm22_behavioral_wb.vcd" {0 0 0};
    %vpi_call 2 125 "$dumpvars", 32'sb00000000000000000000000000000000, S_000001b64f21cc60 {0 0 0};
    %pushi/vec4 1, 0, 1;
    %store/vec4 v000001b64f28a5e0_0, 0, 1;
    %delay 20, 0;
    %pushi/vec4 0, 0, 1;
    %store/vec4 v000001b64f28a5e0_0, 0, 1;
    %pushi/vec4 0, 0, 1;
    %store/vec4 v000001b64f28a360_0, 0, 1;
    %delay 10, 0;
    %pushi/vec4 1, 0, 1;
    %store/vec4 v000001b64f28a360_0, 0, 1;
    %delay 10, 0;
    %pushi/vec4 0, 0, 1;
    %store/vec4 v000001b64f28a360_0, 0, 1;
    %delay 10, 0;
    %pushi/vec4 1, 0, 1;
    %store/vec4 v000001b64f28a360_0, 0, 1;
    %delay 10, 0;
    %pushi/vec4 0, 0, 1;
    %store/vec4 v000001b64f28a360_0, 0, 1;
    %delay 10, 0;
    %pushi/vec4 1, 0, 1;
    %store/vec4 v000001b64f28a360_0, 0, 1;
    %delay 10, 0;
    %pushi/vec4 0, 0, 1;
    %store/vec4 v000001b64f28a360_0, 0, 1;
    %delay 50, 0;
    %vpi_call 2 138 "$finish" {0 0 0};
    %end;
    .thread T_8;
# The file index is used to find the file name in the following table.
:file_names 3;
    "N/A";
    "<interactive>";
    "8_2_4.v";
