#! /c/Source/iverilog-install/bin/vvp
:ivl_version "12.0 (devel)" "(s20150603-1539-g2693dd32b)";
:ivl_delay_selection "TYPICAL";
:vpi_time_precision + 0;
:vpi_module "C:\iverilog\lib\ivl\system.vpi";
:vpi_module "C:\iverilog\lib\ivl\vhdl_sys.vpi";
:vpi_module "C:\iverilog\lib\ivl\vhdl_textio.vpi";
:vpi_module "C:\iverilog\lib\ivl\v2005_math.vpi";
:vpi_module "C:\iverilog\lib\ivl\va_math.vpi";
S_000002757b32afa0 .scope module, "wb" "wb" 2 29;
 .timescale 0 0;
v000002757b3878d0_0 .net "a", 0 0, v000002757b385ec0_0;  1 drivers
v000002757b386ed0_0 .net "b", 0 0, v000002757b3866e0_0;  1 drivers
v000002757b388730_0 .net "c", 0 0, v000002757b386780_0;  1 drivers
v000002757b386d90_0 .net "d", 0 0, v000002757b3861e0_0;  1 drivers
v000002757b387970_0 .net "e", 0 0, L_000002757b3895c0;  1 drivers
v000002757b387330_0 .net "s1", 0 0, v000002757b385920_0;  1 drivers
v000002757b388690_0 .net "s2", 0 0, v000002757b386cf0_0;  1 drivers
S_000002757b33a1f0 .scope module, "dut" "mux1b4to1" 2 31, 2 1 0, S_000002757b32afa0;
 .timescale 0 0;
    .port_info 0 /INPUT 1 "a";
    .port_info 1 /INPUT 1 "b";
    .port_info 2 /INPUT 1 "c";
    .port_info 3 /INPUT 1 "d";
    .port_info 4 /INPUT 1 "s1";
    .port_info 5 /INPUT 1 "s2";
    .port_info 6 /OUTPUT 1 "e";
L_000002757b3294f0 .functor NOT 1, v000002757b385920_0, C4<0>, C4<0>, C4<0>;
L_000002757b3298e0 .functor NOT 1, v000002757b386cf0_0, C4<0>, C4<0>, C4<0>;
L_000002757b329790 .functor AND 1, L_000002757b3294f0, L_000002757b3298e0, C4<1>, C4<1>;
L_000002757b329800 .functor AND 1, L_000002757b329790, v000002757b385ec0_0, C4<1>, C4<1>;
L_000002757b329870 .functor NOT 1, v000002757b385920_0, C4<0>, C4<0>, C4<0>;
L_000002757b329a30 .functor AND 1, L_000002757b329870, v000002757b386cf0_0, C4<1>, C4<1>;
L_000002757b329560 .functor AND 1, L_000002757b329a30, v000002757b3866e0_0, C4<1>, C4<1>;
L_000002757b3296b0 .functor NOT 1, v000002757b386cf0_0, C4<0>, C4<0>, C4<0>;
L_000002757b329aa0 .functor AND 1, v000002757b385920_0, L_000002757b3296b0, C4<1>, C4<1>;
L_000002757b329b10 .functor AND 1, L_000002757b329aa0, v000002757b386780_0, C4<1>, C4<1>;
L_000002757b3295d0 .functor AND 1, v000002757b385920_0, v000002757b386cf0_0, C4<1>, C4<1>;
L_000002757b329720 .functor AND 1, L_000002757b3295d0, v000002757b3861e0_0, C4<1>, C4<1>;
L_000002757b389240 .functor OR 1, L_000002757b329800, L_000002757b329560, C4<0>, C4<0>;
L_000002757b3890f0 .functor OR 1, L_000002757b389240, L_000002757b329b10, C4<0>, C4<0>;
L_000002757b3895c0 .functor OR 1, L_000002757b3890f0, L_000002757b329720, C4<0>, C4<0>;
v000002757b32b130_0 .net *"_ivl_0", 0 0, L_000002757b3294f0;  1 drivers
v000002757b32b1d0_0 .net *"_ivl_10", 0 0, L_000002757b329a30;  1 drivers
v000002757b3859c0_0 .net *"_ivl_14", 0 0, L_000002757b3296b0;  1 drivers
v000002757b3860a0_0 .net *"_ivl_16", 0 0, L_000002757b329aa0;  1 drivers
v000002757b386280_0 .net *"_ivl_2", 0 0, L_000002757b3298e0;  1 drivers
v000002757b386640_0 .net *"_ivl_20", 0 0, L_000002757b3295d0;  1 drivers
v000002757b385b00_0 .net *"_ivl_24", 0 0, L_000002757b389240;  1 drivers
v000002757b3865a0_0 .net *"_ivl_26", 0 0, L_000002757b3890f0;  1 drivers
v000002757b386460_0 .net *"_ivl_4", 0 0, L_000002757b329790;  1 drivers
v000002757b386320_0 .net *"_ivl_8", 0 0, L_000002757b329870;  1 drivers
v000002757b385a60_0 .net "a", 0 0, v000002757b385ec0_0;  alias, 1 drivers
v000002757b385f60_0 .net "b", 0 0, v000002757b3866e0_0;  alias, 1 drivers
v000002757b3863c0_0 .net "c", 0 0, v000002757b386780_0;  alias, 1 drivers
v000002757b385d80_0 .net "d", 0 0, v000002757b3861e0_0;  alias, 1 drivers
v000002757b385ba0_0 .net "e", 0 0, L_000002757b3895c0;  alias, 1 drivers
v000002757b386000_0 .net "p", 0 0, L_000002757b329800;  1 drivers
v000002757b385c40_0 .net "q", 0 0, L_000002757b329560;  1 drivers
v000002757b386500_0 .net "r", 0 0, L_000002757b329b10;  1 drivers
v000002757b385ce0_0 .net "s", 0 0, L_000002757b329720;  1 drivers
v000002757b386140_0 .net "s1", 0 0, v000002757b385920_0;  alias, 1 drivers
v000002757b385e20_0 .net "s2", 0 0, v000002757b386cf0_0;  alias, 1 drivers
S_000002757b33a490 .scope module, "tb" "tb_mux1b4to1" 2 32, 2 14 0, S_000002757b32afa0;
 .timescale 0 0;
    .port_info 0 /OUTPUT 1 "a";
    .port_info 1 /OUTPUT 1 "b";
    .port_info 2 /OUTPUT 1 "c";
    .port_info 3 /OUTPUT 1 "d";
    .port_info 4 /OUTPUT 1 "s1";
    .port_info 5 /OUTPUT 1 "s2";
    .port_info 6 /INPUT 1 "e";
v000002757b385ec0_0 .var "a", 0 0;
v000002757b3866e0_0 .var "b", 0 0;
v000002757b386780_0 .var "c", 0 0;
v000002757b3861e0_0 .var "d", 0 0;
v000002757b385880_0 .net "e", 0 0, L_000002757b3895c0;  alias, 1 drivers
v000002757b385920_0 .var "s1", 0 0;
v000002757b386cf0_0 .var "s2", 0 0;
    .scope S_000002757b33a490;
T_0 ;
    %vpi_call 2 20 "$monitor", $time, " ", " ", "a=%b b=%b c=%b d=%b s1=%b s2=%b e=%b", v000002757b385ec0_0, v000002757b3866e0_0, v000002757b386780_0, v000002757b3861e0_0, v000002757b385920_0, v000002757b386cf0_0, v000002757b385880_0 {0 0 0};
    %pushi/vec4 0, 0, 1;
    %store/vec4 v000002757b385ec0_0, 0, 1;
    %pushi/vec4 1, 0, 1;
    %store/vec4 v000002757b3866e0_0, 0, 1;
    %pushi/vec4 0, 0, 1;
    %store/vec4 v000002757b386780_0, 0, 1;
    %pushi/vec4 1, 0, 1;
    %store/vec4 v000002757b3861e0_0, 0, 1;
    %pushi/vec4 0, 0, 1;
    %store/vec4 v000002757b385920_0, 0, 1;
    %pushi/vec4 0, 0, 1;
    %store/vec4 v000002757b386cf0_0, 0, 1;
    %delay 5, 0;
    %pushi/vec4 0, 0, 1;
    %store/vec4 v000002757b385920_0, 0, 1;
    %pushi/vec4 1, 0, 1;
    %store/vec4 v000002757b386cf0_0, 0, 1;
    %delay 5, 0;
    %pushi/vec4 1, 0, 1;
    %store/vec4 v000002757b385920_0, 0, 1;
    %pushi/vec4 0, 0, 1;
    %store/vec4 v000002757b386cf0_0, 0, 1;
    %delay 5, 0;
    %pushi/vec4 1, 0, 1;
    %store/vec4 v000002757b385920_0, 0, 1;
    %pushi/vec4 1, 0, 1;
    %store/vec4 v000002757b386cf0_0, 0, 1;
    %delay 5, 0;
    %vpi_call 2 25 "$finish" {0 0 0};
    %end;
    .thread T_0;
# The file index is used to find the file name in the following table.
:file_names 3;
    "N/A";
    "<interactive>";
    "a.v";
