#! /c/Source/iverilog-install/bin/vvp
:ivl_version "12.0 (devel)" "(s20150603-1539-g2693dd32b)";
:ivl_delay_selection "TYPICAL";
:vpi_time_precision + 0;
:vpi_module "C:\iverilog\lib\ivl\system.vpi";
:vpi_module "C:\iverilog\lib\ivl\vhdl_sys.vpi";
:vpi_module "C:\iverilog\lib\ivl\vhdl_textio.vpi";
:vpi_module "C:\iverilog\lib\ivl\v2005_math.vpi";
:vpi_module "C:\iverilog\lib\ivl\va_math.vpi";
S_000001fc6ef5e670 .scope module, "wb" "wb" 2 31;
 .timescale 0 0;
v000001fc6ee94bf0_0 .net "a", 0 0, v000001fc6ee62fb0_0;  1 drivers
v000001fc6ee946f0_0 .net "b", 0 0, v000001fc6ee63050_0;  1 drivers
v000001fc6ee94ab0_0 .net "c", 0 0, v000001fc6ee93ca0_0;  1 drivers
v000001fc6ee941f0_0 .net "d", 0 0, v000001fc6ee93d40_0;  1 drivers
v000001fc6ee94010_0 .net "e", 0 0, v000001fc6ee62ce0_0;  1 drivers
v000001fc6ee94330_0 .net "s", 1 0, v000001fc6ee93e80_0;  1 drivers
S_000001fc6ef5e800 .scope module, "dut" "mux1b4to1" 2 42, 2 1 0, S_000001fc6ef5e670;
 .timescale 0 0;
    .port_info 0 /INPUT 1 "a";
    .port_info 1 /INPUT 1 "b";
    .port_info 2 /INPUT 1 "c";
    .port_info 3 /INPUT 1 "d";
    .port_info 4 /INPUT 2 "s";
    .port_info 5 /OUTPUT 1 "e";
v000001fc6ee63340_0 .net "a", 0 0, v000001fc6ee62fb0_0;  alias, 1 drivers
v000001fc6ef5bca0_0 .net "b", 0 0, v000001fc6ee63050_0;  alias, 1 drivers
v000001fc6ef5e990_0 .net "c", 0 0, v000001fc6ee93ca0_0;  alias, 1 drivers
v000001fc6ef5ea30_0 .net "d", 0 0, v000001fc6ee93d40_0;  alias, 1 drivers
v000001fc6ee62ce0_0 .var "e", 0 0;
v000001fc6ee62d80_0 .net "s", 1 0, v000001fc6ee93e80_0;  alias, 1 drivers
E_000001fc6ee98da0/0 .event anyedge, v000001fc6ee62d80_0, v000001fc6ef5ea30_0, v000001fc6ef5e990_0, v000001fc6ef5bca0_0;
E_000001fc6ee98da0/1 .event anyedge, v000001fc6ee63340_0;
E_000001fc6ee98da0 .event/or E_000001fc6ee98da0/0, E_000001fc6ee98da0/1;
S_000001fc6ee62e20 .scope module, "tb" "tb_mux1b4to1" 2 43, 2 16 0, S_000001fc6ef5e670;
 .timescale 0 0;
    .port_info 0 /OUTPUT 1 "a";
    .port_info 1 /OUTPUT 1 "b";
    .port_info 2 /OUTPUT 1 "c";
    .port_info 3 /OUTPUT 1 "d";
    .port_info 4 /OUTPUT 2 "s";
    .port_info 5 /INPUT 1 "e";
v000001fc6ee62fb0_0 .var "a", 0 0;
v000001fc6ee63050_0 .var "b", 0 0;
v000001fc6ee93ca0_0 .var "c", 0 0;
v000001fc6ee93d40_0 .var "d", 0 0;
v000001fc6ee93de0_0 .net "e", 0 0, v000001fc6ee62ce0_0;  alias, 1 drivers
v000001fc6ee93e80_0 .var "s", 1 0;
    .scope S_000001fc6ef5e800;
T_0 ;
    %wait E_000001fc6ee98da0;
    %load/vec4 v000001fc6ee62d80_0;
    %dup/vec4;
    %pushi/vec4 0, 0, 2;
    %cmp/u;
    %jmp/1 T_0.0, 6;
    %dup/vec4;
    %pushi/vec4 1, 0, 2;
    %cmp/u;
    %jmp/1 T_0.1, 6;
    %dup/vec4;
    %pushi/vec4 2, 0, 2;
    %cmp/u;
    %jmp/1 T_0.2, 6;
    %dup/vec4;
    %pushi/vec4 3, 0, 2;
    %cmp/u;
    %jmp/1 T_0.3, 6;
    %jmp T_0.4;
T_0.0 ;
    %load/vec4 v000001fc6ee63340_0;
    %store/vec4 v000001fc6ee62ce0_0, 0, 1;
    %jmp T_0.4;
T_0.1 ;
    %load/vec4 v000001fc6ef5bca0_0;
    %store/vec4 v000001fc6ee62ce0_0, 0, 1;
    %jmp T_0.4;
T_0.2 ;
    %load/vec4 v000001fc6ef5e990_0;
    %store/vec4 v000001fc6ee62ce0_0, 0, 1;
    %jmp T_0.4;
T_0.3 ;
    %load/vec4 v000001fc6ef5ea30_0;
    %store/vec4 v000001fc6ee62ce0_0, 0, 1;
    %jmp T_0.4;
T_0.4 ;
    %pop/vec4 1;
    %jmp T_0;
    .thread T_0, $push;
    .scope S_000001fc6ee62e20;
T_1 ;
    %pushi/vec4 20, 0, 6;
    %split/vec4 2;
    %store/vec4 v000001fc6ee93e80_0, 0, 2;
    %split/vec4 1;
    %store/vec4 v000001fc6ee93d40_0, 0, 1;
    %split/vec4 1;
    %store/vec4 v000001fc6ee93ca0_0, 0, 1;
    %split/vec4 1;
    %store/vec4 v000001fc6ee63050_0, 0, 1;
    %store/vec4 v000001fc6ee62fb0_0, 0, 1;
    %delay 5, 0;
    %pushi/vec4 1, 0, 2;
    %store/vec4 v000001fc6ee93e80_0, 0, 2;
    %delay 5, 0;
    %pushi/vec4 2, 0, 2;
    %store/vec4 v000001fc6ee93e80_0, 0, 2;
    %delay 5, 0;
    %pushi/vec4 3, 0, 2;
    %store/vec4 v000001fc6ee93e80_0, 0, 2;
    %delay 5, 0;
    %vpi_call 2 27 "$finish" {0 0 0};
    %end;
    .thread T_1;
    .scope S_000001fc6ef5e670;
T_2 ;
    %vpi_call 2 37 "$monitor", $time, " a=%b b=%b c=%b d=%b s=%b e=%b", v000001fc6ee94bf0_0, v000001fc6ee946f0_0, v000001fc6ee94ab0_0, v000001fc6ee941f0_0, v000001fc6ee94330_0, v000001fc6ee94010_0 {0 0 0};
    %vpi_call 2 38 "$dumpfile", "mux2.vcd" {0 0 0};
    %vpi_call 2 39 "$dumpvars", 32'sb00000000000000000000000000000000, S_000001fc6ef5e670 {0 0 0};
    %end;
    .thread T_2;
# The file index is used to find the file name in the following table.
:file_names 3;
    "N/A";
    "<interactive>";
    "mux2.v";
