#! /c/Source/iverilog-install/bin/vvp
:ivl_version "12.0 (devel)" "(s20150603-1539-g2693dd32b)";
:ivl_delay_selection "TYPICAL";
:vpi_time_precision + 0;
:vpi_module "C:\iverilog\lib\ivl\system.vpi";
:vpi_module "C:\iverilog\lib\ivl\vhdl_sys.vpi";
:vpi_module "C:\iverilog\lib\ivl\vhdl_textio.vpi";
:vpi_module "C:\iverilog\lib\ivl\v2005_math.vpi";
:vpi_module "C:\iverilog\lib\ivl\va_math.vpi";
S_000001f78da92df0 .scope module, "dff" "dff" 2 4;
 .timescale 0 0;
    .port_info 0 /INPUT 1 "clk";
    .port_info 1 /INPUT 1 "reset";
    .port_info 2 /INPUT 1 "D";
    .port_info 3 /OUTPUT 1 "q";
o000001f78dac6fd8 .functor BUFZ 1, C4<z>; HiZ drive
v000001f78da93320_0 .net "D", 0 0, o000001f78dac6fd8;  0 drivers
o000001f78dac7008 .functor BUFZ 1, C4<z>; HiZ drive
v000001f78da92f80_0 .net "clk", 0 0, o000001f78dac7008;  0 drivers
v000001f78da93020_0 .var "q", 0 0;
o000001f78dac7068 .functor BUFZ 1, C4<z>; HiZ drive
v000001f78da930c0_0 .net "reset", 0 0, o000001f78dac7068;  0 drivers
E_000001f78dac5300/0 .event negedge, v000001f78da930c0_0;
E_000001f78dac5300/1 .event posedge, v000001f78da92f80_0;
E_000001f78dac5300 .event/or E_000001f78dac5300/0, E_000001f78dac5300/1;
    .scope S_000001f78da92df0;
T_0 ;
    %wait E_000001f78dac5300;
    %load/vec4 v000001f78da930c0_0;
    %nor/r;
    %flag_set/vec4 8;
    %jmp/0xz  T_0.0, 8;
    %pushi/vec4 0, 0, 1;
    %assign/vec4 v000001f78da93020_0, 0;
    %jmp T_0.1;
T_0.0 ;
    %load/vec4 v000001f78da93320_0;
    %assign/vec4 v000001f78da93020_0, 0;
T_0.1 ;
    %jmp T_0;
    .thread T_0;
# The file index is used to find the file name in the following table.
:file_names 3;
    "N/A";
    "<interactive>";
    "711.v";
