#! /c/Source/iverilog-install/bin/vvp
:ivl_version "12.0 (devel)" "(s20150603-1539-g2693dd32b)";
:ivl_delay_selection "TYPICAL";
:vpi_time_precision + 0;
:vpi_module "C:\iverilog\lib\ivl\system.vpi";
:vpi_module "C:\iverilog\lib\ivl\vhdl_sys.vpi";
:vpi_module "C:\iverilog\lib\ivl\vhdl_textio.vpi";
:vpi_module "C:\iverilog\lib\ivl\v2005_math.vpi";
:vpi_module "C:\iverilog\lib\ivl\va_math.vpi";
S_0000020401402df0 .scope module, "d_flip_flop" "d_flip_flop" 2 3;
 .timescale 0 0;
    .port_info 0 /INPUT 1 "clk";
    .port_info 1 /INPUT 1 "reset";
    .port_info 2 /INPUT 1 "en";
    .port_info 3 /INPUT 1 "d";
    .port_info 4 /OUTPUT 1 "q";
o0000020401436fb8 .functor BUFZ 1, C4<z>; HiZ drive
v0000020401403340_0 .net "clk", 0 0, o0000020401436fb8;  0 drivers
o0000020401436fe8 .functor BUFZ 1, C4<z>; HiZ drive
v0000020401403560_0 .net "d", 0 0, o0000020401436fe8;  0 drivers
o0000020401437018 .functor BUFZ 1, C4<z>; HiZ drive
v0000020401402f80_0 .net "en", 0 0, o0000020401437018;  0 drivers
v0000020401403020_0 .var "q", 0 0;
o0000020401437078 .functor BUFZ 1, C4<z>; HiZ drive
v00000204014030c0_0 .net "reset", 0 0, o0000020401437078;  0 drivers
E_00000204014356c0 .event posedge, v0000020401403340_0;
    .scope S_0000020401402df0;
T_0 ;
    %wait E_00000204014356c0;
    %load/vec4 v00000204014030c0_0;
    %flag_set/vec4 8;
    %jmp/0xz  T_0.0, 8;
    %pushi/vec4 0, 0, 1;
    %assign/vec4 v0000020401403020_0, 0;
    %jmp T_0.1;
T_0.0 ;
    %load/vec4 v0000020401402f80_0;
    %flag_set/vec4 8;
    %jmp/0xz  T_0.2, 8;
    %load/vec4 v0000020401403560_0;
    %assign/vec4 v0000020401403020_0, 0;
T_0.2 ;
T_0.1 ;
    %jmp T_0;
    .thread T_0;
# The file index is used to find the file name in the following table.
:file_names 3;
    "N/A";
    "<interactive>";
    "712.v";
